<?xml version="1.0" encoding="utf-8"?><testsuites name="pytest tests"><testsuite name="pytest" errors="0" failures="1" skipped="0" tests="20" time="85.613" timestamp="2026-09-13T16:56:39.614132+00:00" hostname="agent-env-c1512e0d-3b32-4c4b-9e67-36adbf517710"><testcase classname="tests.test_new_features.TestDrafts" name="test_tmp_blocked_from_creating_draft" time="0.958" /><testcase classname="tests.test_attachments.TestChatAttachments" name="test_upload_image_attachment_and_flow" time="3.905" /><testcase classname="tests.test_new_features.TestDrafts" name="test_trk_full_draft_lifecycle" time="0.485"><failure message="AssertionError: assert 500 == 200&#10; +  where 500 = &lt;Response [500]&gt;.status_code&#10; +    where &lt;Response [500]&gt; = &lt;function post at 0xfeb1d5ebcfe0&gt;('https://traksha-audit.preview.emergentagent.com/api/dev/simulate-transition', headers={'Authorization': 'Bearer eyJhbGciOiJIUzI1NiIsInR5cCI6IkpXVCJ9.eyJzdWIiOiJmYmMxZTg2NDY1N2RhMWJjMzA1NTJjOGUiLCJpYXQiOjE3ODkzMTg2MDEsImV4cCI6MTc5MTkxMDYwMSwianRpIjoiTFhHQ1VXb1QxOFpCbTNjTiJ9.T15piV6NgixBXhNX5FjXVpbpmikWK7btb9_kypfXkrg'})&#10; +      where &lt;function post at 0xfeb1d5ebcfe0&gt; = requests.post">tests/test_new_features.py:175: in test_trk_full_draft_lifecycle
    assert requests.post(f"{API}/dev/simulate-transition", headers=h).status_code == 200
E   AssertionError: assert 500 == 200
E    +  where 500 = &lt;Response [500]&gt;.status_code
E    +    where &lt;Response [500]&gt; = &lt;function post at 0xfeb1d5ebcfe0&gt;('https://traksha-audit.preview.emergentagent.com/api/dev/simulate-transition', headers={'Authorization': 'Bearer eyJhbGciOiJIUzI1NiIsInR5cCI6IkpXVCJ9.eyJzdWIiOiJmYmMxZTg2NDY1N2RhMWJjMzA1NTJjOGUiLCJpYXQiOjE3ODkzMTg2MDEsImV4cCI6MTc5MTkxMDYwMSwianRpIjoiTFhHQ1VXb1QxOFpCbTNjTiJ9.T15piV6NgixBXhNX5FjXVpbpmikWK7btb9_kypfXkrg'})
E    +      where &lt;function post at 0xfeb1d5ebcfe0&gt; = requests.post</failure></testcase><testcase classname="tests.test_new_features.TestDrafts" name="test_publish_requires_title_and_body" time="0.832" /><testcase classname="tests.test_new_features.TestDrafts" name="test_delete_draft" time="1.255" /><testcase classname="tests.test_new_features.TestDrafts" name="test_tmp_blocked_from_publish" time="0.461" /><testcase classname="tests.test_attachments.TestChatAttachments" name="test_upload_document_attachment" time="1.733" /><testcase classname="tests.test_new_features.TestPrivateNotes" name="test_save_note_persists_and_is_private" time="2.355" /><testcase classname="tests.test_attachments.TestChatAttachments" name="test_unsupported_type_returns_415" time="1.565" /><testcase classname="tests.test_new_features.TestPrivateNotes" name="test_update_and_clear_note" time="1.849" /><testcase classname="tests.test_attachments.TestChatAttachments" name="test_outsider_cannot_upload" time="1.712" /><testcase classname="tests.test_new_features.TestPrivateNotes" name="test_note_requires_membership" time="2.411" /><testcase classname="tests.test_attachments.TestChatAttachments" name="test_invalid_context_rejected" time="1.351" /><testcase classname="tests.test_attachments.TestChatAttachments" name="test_professional_context_separated" time="1.792" /><testcase classname="tests.test_new_features.TestProfilePhoto" name="test_upload_photo_and_surfaces" time="2.652" /><testcase classname="tests.test_new_features.TestContextSwitch" name="test_switch_to_both_creates_two_conversation_rows" time="2.175" /><testcase classname="tests.test_new_features.TestProfilePhoto" name="test_reject_bad_content_type" time="0.576" /><testcase classname="tests.test_new_features.TestProfilePhoto" name="test_seeded_pair_note_privacy" time="1.642" /><testcase classname="tests.test_new_features.TestContextSwitch" name="test_invalid_context_rejected" time="69.469" /><testcase classname="tests.test_attachments.TestSeededAriaBenAttachments" name="test_seeded_pair_attachment_flow" time="1.575" /></testsuite></testsuites>