<?xml version="1.0" encoding="utf-8"?><testsuites name="pytest tests"><testsuite name="pytest" errors="0" failures="0" skipped="0" tests="13" time="77.729" timestamp="2026-09-13T11:04:45.347003+00:00" hostname="agent-env-c1512e0d-3b32-4c4b-9e67-36adbf517710"><testcase classname="tests.test_new_features.TestDrafts" name="test_tmp_blocked_from_creating_draft" time="0.851" /><testcase classname="tests.test_new_features.TestPrivateNotes" name="test_save_note_persists_and_is_private" time="2.170" /><testcase classname="tests.test_new_features.TestDrafts" name="test_trk_full_draft_lifecycle" time="2.132" /><testcase classname="tests.test_new_features.TestPrivateNotes" name="test_update_and_clear_note" time="1.572" /><testcase classname="tests.test_new_features.TestDrafts" name="test_publish_requires_title_and_body" time="0.693" /><testcase classname="tests.test_new_features.TestDrafts" name="test_delete_draft" time="1.635" /><testcase classname="tests.test_new_features.TestPrivateNotes" name="test_note_requires_membership" time="1.579" /><testcase classname="tests.test_new_features.TestDrafts" name="test_tmp_blocked_from_publish" time="0.898" /><testcase classname="tests.test_new_features.TestProfilePhoto" name="test_upload_photo_and_surfaces" time="70.349" /><testcase classname="tests.test_new_features.TestContextSwitch" name="test_switch_to_both_creates_two_conversation_rows" time="41.727" /><testcase classname="tests.test_new_features.TestContextSwitch" name="test_invalid_context_rejected" time="4.170" /><testcase classname="tests.test_new_features.TestProfilePhoto" name="test_reject_bad_content_type" time="0.480" /><testcase classname="tests.test_new_features.TestProfilePhoto" name="test_seeded_pair_note_privacy" time="1.249" /></testsuite></testsuites>