<?xml version="1.0" encoding="utf-8"?><testsuites name="pytest tests"><testsuite name="pytest" errors="0" failures="2" skipped="0" tests="23" time="15.316" timestamp="2026-09-13T04:07:06.112936+00:00" hostname="agent-env-8fbfa973-da29-4cfb-beb5-eb193eacc2c6"><testcase classname="tests.test_traksha_backend.TestTattvaloka" name="test_seed_contributions_present" time="1.041" /><testcase classname="tests.test_traksha_backend.TestAuth" name="test_register_creates_tmp_with_16char_code" time="0.813" /><testcase classname="tests.test_traksha_backend.TestAuth" name="test_register_reserved_domain_rejected" time="0.153" /><testcase classname="tests.test_traksha_backend.TestAuth" name="test_login_success" time="0.911" /><testcase classname="tests.test_traksha_backend.TestTattvaloka" name="test_tmp_cannot_publish" time="1.242" /><testcase classname="tests.test_traksha_backend.TestAuth" name="test_login_wrong_password" time="0.402" /><testcase classname="tests.test_traksha_backend.TestAuth" name="test_me_requires_auth" time="0.391" /><testcase classname="tests.test_traksha_backend.TestTattvaloka" name="test_trk_can_publish_and_comment" time="1.258" /><testcase classname="tests.test_traksha_backend.TestAuth" name="test_me_returns_private_profile" time="0.233" /><testcase classname="tests.test_traksha_backend.TestAuth" name="test_logout_ok" time="0.220" /><testcase classname="tests.test_traksha_backend.TestAuth" name="test_forgot_password_returns_dev_token_and_reset_once" time="1.019"><failure message="assert 500 == 200&#10; +  where 500 = &lt;Response [500]&gt;.status_code">tests/test_traksha_backend.py:122: in test_forgot_password_returns_dev_token_and_reset_once
    assert r2.status_code == 200
E   assert 500 == 200
E    +  where 500 = &lt;Response [500]&gt;.status_code</failure></testcase><testcase classname="tests.test_traksha_backend.TestConnectionsAndMessaging" name="test_request_accept_flow_and_messaging" time="3.891" /><testcase classname="tests.test_traksha_backend.TestQR" name="test_create_scan_connect_flow" time="1.317"><failure message="assert 500 == 200&#10; +  where 500 = &lt;Response [500]&gt;.status_code">tests/test_traksha_backend.py:263: in test_create_scan_connect_flow
    assert s.status_code == 200
E   assert 500 == 200
E    +  where 500 = &lt;Response [500]&gt;.status_code</failure></testcase><testcase classname="tests.test_traksha_backend.TestQR" name="test_invalid_qr_token" time="0.622" /><testcase classname="tests.test_traksha_backend.TestPrivacy" name="test_discoverable_false_hides_from_search" time="1.705" /><testcase classname="tests.test_traksha_backend.TestConnectionsAndMessaging" name="test_decline_and_withdraw" time="3.125" /><testcase classname="tests.test_traksha_backend.TestPrivacy" name="test_public_profile_hides_email" time="1.187" /><testcase classname="tests.test_traksha_backend.TestSafety" name="test_block_severs_connection_and_hides_profile" time="2.538" /><testcase classname="tests.test_traksha_backend.TestCalls" name="test_can_call_false_when_off_true_after_window" time="2.286" /><testcase classname="tests.test_traksha_backend.TestSafety" name="test_report_reasons_and_submit" time="1.230" /><testcase classname="tests.test_traksha_backend" name="test_health_root" time="0.152" /><testcase classname="tests.test_traksha_backend.TestCalls" name="test_availability_toggle_persists" time="0.619" /><testcase classname="tests.test_traksha_backend.TestIdentityTransition" name="test_simulate_transition_creates_trk" time="1.460" /></testsuite></testsuites>